<?xml version="1.0" encoding="UTF-8"?>
<testng-results ignored="0" total="1" passed="1" failed="0" skipped="0">
  <reporter-output>
    <line>
      <![CDATA[Laptop is collected]]>
    </line>
  </reporter-output>
  <suite started-at="2025-05-22T13:22:15 IST" name="Default suite" finished-at="2025-05-22T13:22:18 IST" duration-ms="3432">
    <groups>
    </groups>
    <test started-at="2025-05-22T13:22:15 IST" name="Default test" finished-at="2025-05-22T13:22:18 IST" duration-ms="3432">
      <class name="sample_project.LaptopTest">
        <test-method signature="launch()[pri:0, instance:sample_project.LaptopTest@6150c3ec]" started-at="2025-05-22T13:22:15 IST" name="launch" finished-at="2025-05-22T13:22:18 IST" duration-ms="3384" status="PASS">
          <reporter-output>
            <line>
              <![CDATA[Laptop is collected]]>
            </line>
          </reporter-output>
        </test-method> <!-- launch -->
      </class> <!-- sample_project.LaptopTest -->
    </test> <!-- Default test -->
  </suite> <!-- Default suite -->
</testng-results>
