<?xml version="1.0" encoding="UTF-8"?>
<testng-results ignored="0" total="1" passed="1" failed="0" skipped="0">
  <reporter-output>
    <line>
      <![CDATA[PollscmTest class executed]]>
    </line>
  </reporter-output>
  <suite started-at="2025-05-21T16:02:35 IST" name="Default suite" finished-at="2025-05-21T16:02:40 IST" duration-ms="4506">
    <groups>
    </groups>
    <test started-at="2025-05-21T16:02:35 IST" name="Default test" finished-at="2025-05-21T16:02:40 IST" duration-ms="4506">
      <class name="sample_project.PomscmTest">
        <test-method signature="launch()[pri:0, instance:sample_project.PomscmTest@6150c3ec]" started-at="2025-05-21T16:02:35 IST" name="launch" finished-at="2025-05-21T16:02:40 IST" duration-ms="4372" status="PASS">
          <reporter-output>
            <line>
              <![CDATA[PollscmTest class executed]]>
            </line>
          </reporter-output>
        </test-method> <!-- launch -->
      </class> <!-- sample_project.PomscmTest -->
    </test> <!-- Default test -->
  </suite> <!-- Default suite -->
</testng-results>
